<html>
<head>
<title>TestNG:  Surefire test</title>
<link href="../testng.css" rel="stylesheet" type="text/css" />
<link href="../my-testng.css" rel="stylesheet" type="text/css" />

<style type="text/css">
.log { display: none;} 
.stack-trace { display: none;} 
</style>
<script type="text/javascript">
<!--
function flip(e) {
  current = e.style.display;
  if (current == 'block') {
    e.style.display = 'none';
    return 0;
  }
  else {
    e.style.display = 'block';
    return 1;
  }
}

function toggleBox(szDivId, elem, msg1, msg2)
{
  var res = -1;  if (document.getElementById) {
    res = flip(document.getElementById(szDivId));
  }
  else if (document.all) {
    // this is the way old msie versions work
    res = flip(document.all[szDivId]);
  }
  if(elem) {
    if(res == 0) elem.innerHTML = msg1; else elem.innerHTML = msg2;
  }

}

function toggleAllBoxes() {
  if (document.getElementsByTagName) {
    d = document.getElementsByTagName('div');
    for (i = 0; i < d.length; i++) {
      if (d[i].className == 'log') {
        flip(d[i]);
      }
    }
  }
}

// -->
</script>

</head>
<body>
<h2 align='center'>Surefire test</h2><table border='1' align="center">
<tr>
<td>Tests passed/Failed/Skipped:</td><td>9/1/0</td>
</tr><tr>
<td>Started on:</td><td>Sun Apr 24 20:15:55 MSK 2022</td>
</tr>
<tr><td>Total time:</td><td>28 seconds (28017 ms)</td>
</tr><tr>
<td>Included groups:</td><td></td>
</tr><tr>
<td>Excluded groups:</td><td></td>
</tr>
</table><p/>
<small><i>(Hover the method name to see the test class name)</i></small><p/>
<table width='100%' border='1' class='invocation-failed'>
<tr><td colspan='4' align='center'><b>FAILED TESTS</b></td></tr>
<tr><td><b>Test method</b></td>
<td width="30%"><b>Exception</b></td>
<td width="10%"><b>Time (seconds)</b></td>
<td><b>Instance</b></td>
</tr>
<tr>
<td title='Test.CheckMainPageTest.checkThatThatUsersMoreThenTest()'><b>checkThatThatUsersMoreThenTest</b><br>Test class: Test.CheckMainPageTest<br>Test method: проверка отображения 20 пользователей</td>
<td><div><pre>Element not found {By.xpath: //*[@class=&quot;MuiPaper-root MuiPaper-elevation MuiPaper-rounded MuiPaper-elevation1 MuiCard-root css-y6yw79-MuiPaper-root-MuiCard-root&quot;][0]}
Expected: visible
Screenshot: file:/home/andrey/java/otus/КУРСОВАЯ/WebTest/build/reports/tests/1650820579293.0.png
Page source: file:/home/andrey/java/otus/КУРСОВАЯ/WebTest/build/reports/tests/1650820579293.0.html
Timeout: 50 ms.
Caused by: NoSuchElementException: no such element: Unable to locate element: {&quot;method&quot;:&quot;xpath&quot;,&quot;selector&quot;:&quot;//*[@class=&quot;MuiPaper-root MuiPaper-elevation MuiPaper-rounded MuiPaper-elevation1 MuiCard-root css-y6yw79-MuiPaper-root-MuiCard-root&quot;]&quot;}
	at com.codeborne.selenide.impl.WebElementSource.createElementNotFoundError(WebElementSource.java:89)
	at com.codeborne.selenide.impl.CollectionElement.createElementNotFoundError(CollectionElement.java:63)
	at com.codeborne.selenide.impl.WebElementSource.checkCondition(WebElementSource.java:125)
	at com.codeborne.selenide.commands.Should.execute(Should.java:30)
	at com.codeborne.selenide.commands.Should.execute(Should.java:14)
	at com.codeborne.selenide.commands.Commands.execute(Commands.java:154)
	at com.codeborne.selenide.impl.SelenideElementProxy.dispatchAndRetry(SelenideElementProxy.java:131)
	at com.codeborne.selenide.impl.SelenideElementProxy.invoke(SelenideElementProxy.java:83)
	at com.sun.proxy.$Proxy7.shouldBe(Unknown Source)
	at pages.MainPageSteps.checkThatThatUsersMoreThen(MainPageSteps.java:98)
	at Test.CheckMainPageTest.checkThatThatUsersMoreThenTest(CheckMainPageTest.java:25)
	at java.base/java.util.ArrayList.forEach(ArrayList.java:1541)
Caused by: org.openqa.selenium.NoSuchElementException: no such element: Unable to locate element: {&quot;method&quot;:&quot;xpath&quot;,&quot;selector&quot;:&quot;//*[@class=&quot;MuiPaper-root MuiPaper-elevation MuiPaper-rounded MuiPaper-elevation1 MuiCard-root css-y6yw79-MuiPaper-root-MuiCard-root&quot;]&quot;}
  (Session info: chrome=99.0.4844.74)
For documentation on this error, please visit: https://selenium.dev/exceptions/#no_such_element
Build info: version: &apos;4.1.3&apos;, revision: &apos;7b1ebf28ef&apos;
System info: host: &apos;ASUSLaptopTP470EA&apos;, ip: &apos;127.0.1.1&apos;, os.name: &apos;Linux&apos;, os.arch: &apos;amd64&apos;, os.version: &apos;5.13.0-27-generic&apos;, java.version: &apos;11.0.14.1&apos;
Driver info: org.openqa.selenium.chrome.ChromeDriver
Command: [a048fa2c69c3eaa10ef36124edab3a94, findElement {using=xpath, value=//*[@class=&quot;MuiPaper-root MuiPaper-elevation MuiPaper-rounded MuiPaper-elevation1 MuiCard-root css-y6yw79-MuiPaper-root-MuiCard-root&quot;]}]
Capabilities {acceptInsecureCerts: true, browserName: chrome, browserVersion: 99.0.4844.74, chrome: {chromedriverVersion: 99.0.4844.51 (d537ec02474b5..., userDataDir: /tmp/.com.google.Chrome.XG5hCu}, goog:chromeOptions: {debuggerAddress: localhost:44621}, javascriptEnabled: true, networkConnectionEnabled: false, pageLoadStrategy: eager, platform: LINUX, platformName: LINUX, proxy: Proxy(), se:cdp: ws://localhost:44621/devtoo..., se:cdpVersion: 99.0.4844.74, setWindowRect: true, strictFileInteractability: false, timeouts: {implicit: 0, pageLoad: 300000, script: 30000}, unhandledPromptBehavior: dismiss and notify, webauthn:extension:credBlob: true, webauthn:extension:largeBlob: true, webauthn:virtualAuthenticators: true}
Session ID: a048fa2c69c3eaa10ef36124edab3a94
	at org.openqa.selenium.remote.codec.w3c.W3CHttpResponseCodec.createException(W3CHttpResponseCodec.java:200)
	at org.openqa.selenium.remote.codec.w3c.W3CHttpResponseCodec.decode(W3CHttpResponseCodec.java:133)
	at org.openqa.selenium.remote.codec.w3c.W3CHttpResponseCodec.decode(W3CHttpResponseCodec.java:53)
	at org.openqa.selenium.remote.HttpCommandExecutor.execute(HttpCommandExecutor.java:184)
	at org.openqa.selenium.remote.service.DriverCommandExecutor.invokeExecute(DriverCommandExecutor.java:167)
	at org.openqa.selenium.remote.service.DriverCommandExecutor.execute(DriverCommandExecutor.java:142)
	at org.openqa.selenium.remote.RemoteWebDriver.execute(RemoteWebDriver.java:567)
	at org.openqa.selenium.remote.ElementLocation$ElementFinder$2.findElement(ElementLocation.java:162)
	at org.openqa.selenium.remote.ElementLocation.findElement(ElementLocation.java:60)
	at org.openqa.selenium.remote.RemoteWebDriver.findElement(RemoteWebDriver.java:385)
	at org.openqa.selenium.remote.RemoteWebDriver.findElement(RemoteWebDriver.java:377)
	at com.codeborne.selenide.impl.WebElementSelector.findElement(WebElementSelector.java:70)
	at com.codeborne.selenide.impl.WebElementSelector.findElement(WebElementSelector.java:44)
	at com.codeborne.selenide.impl.WebElementSelector.findElement(WebElementSelector.java:33)
	at com.codeborne.selenide.impl.BySelectorCollection.getElement(BySelectorCollection.java:47)
	at com.codeborne.selenide.impl.CollectionElement.getWebElement(CollectionElement.java:46)
	at com.codeborne.selenide.impl.WebElementSource.checkCondition(WebElementSource.java:106)
	... 41 more
... Removed 36 stack frames</pre></div><a href='#' onClick='toggleBox("stack-trace1823652167", this, "Click to show all stack frames", "Click to hide stack frames")'>Click to show all stack frames</a>
<div class='stack-trace' id='stack-trace1823652167'><pre>Element not found {By.xpath: //*[@class=&quot;MuiPaper-root MuiPaper-elevation MuiPaper-rounded MuiPaper-elevation1 MuiCard-root css-y6yw79-MuiPaper-root-MuiCard-root&quot;][0]}
Expected: visible
Screenshot: file:/home/andrey/java/otus/КУРСОВАЯ/WebTest/build/reports/tests/1650820579293.0.png
Page source: file:/home/andrey/java/otus/КУРСОВАЯ/WebTest/build/reports/tests/1650820579293.0.html
Timeout: 50 ms.
Caused by: NoSuchElementException: no such element: Unable to locate element: {&quot;method&quot;:&quot;xpath&quot;,&quot;selector&quot;:&quot;//*[@class=&quot;MuiPaper-root MuiPaper-elevation MuiPaper-rounded MuiPaper-elevation1 MuiCard-root css-y6yw79-MuiPaper-root-MuiCard-root&quot;]&quot;}
	at com.codeborne.selenide.impl.WebElementSource.createElementNotFoundError(WebElementSource.java:89)
	at com.codeborne.selenide.impl.CollectionElement.createElementNotFoundError(CollectionElement.java:63)
	at com.codeborne.selenide.impl.WebElementSource.checkCondition(WebElementSource.java:125)
	at com.codeborne.selenide.commands.Should.execute(Should.java:30)
	at com.codeborne.selenide.commands.Should.execute(Should.java:14)
	at com.codeborne.selenide.commands.Commands.execute(Commands.java:154)
	at com.codeborne.selenide.impl.SelenideElementProxy.dispatchAndRetry(SelenideElementProxy.java:131)
	at com.codeborne.selenide.impl.SelenideElementProxy.invoke(SelenideElementProxy.java:83)
	at com.sun.proxy.$Proxy7.shouldBe(Unknown Source)
	at pages.MainPageSteps.checkThatThatUsersMoreThen(MainPageSteps.java:98)
	at Test.CheckMainPageTest.checkThatThatUsersMoreThenTest(CheckMainPageTest.java:25)
	at java.base/jdk.internal.reflect.NativeMethodAccessorImpl.invoke0(Native Method)
	at java.base/jdk.internal.reflect.NativeMethodAccessorImpl.invoke(NativeMethodAccessorImpl.java:62)
	at java.base/jdk.internal.reflect.DelegatingMethodAccessorImpl.invoke(DelegatingMethodAccessorImpl.java:43)
	at java.base/java.lang.reflect.Method.invoke(Method.java:566)
	at org.testng.internal.invokers.MethodInvocationHelper.invokeMethod(MethodInvocationHelper.java:135)
	at org.testng.internal.invokers.TestInvoker.invokeMethod(TestInvoker.java:673)
	at org.testng.internal.invokers.TestInvoker.invokeTestMethod(TestInvoker.java:220)
	at org.testng.internal.invokers.MethodRunner.runInSequence(MethodRunner.java:50)
	at org.testng.internal.invokers.TestInvoker$MethodInvocationAgent.invoke(TestInvoker.java:945)
	at org.testng.internal.invokers.TestInvoker.invokeTestMethods(TestInvoker.java:193)
	at org.testng.internal.invokers.TestMethodWorker.invokeTestMethods(TestMethodWorker.java:146)
	at org.testng.internal.invokers.TestMethodWorker.run(TestMethodWorker.java:128)
	at java.base/java.util.ArrayList.forEach(ArrayList.java:1541)
	at org.testng.TestRunner.privateRun(TestRunner.java:808)
	at org.testng.TestRunner.run(TestRunner.java:603)
	at org.testng.SuiteRunner.runTest(SuiteRunner.java:429)
	at org.testng.SuiteRunner.runSequentially(SuiteRunner.java:423)
	at org.testng.SuiteRunner.privateRun(SuiteRunner.java:383)
	at org.testng.SuiteRunner.run(SuiteRunner.java:326)
	at org.testng.SuiteRunnerWorker.runSuite(SuiteRunnerWorker.java:52)
	at org.testng.SuiteRunnerWorker.run(SuiteRunnerWorker.java:95)
	at org.testng.TestNG.runSuitesSequentially(TestNG.java:1249)
	at org.testng.TestNG.runSuitesLocally(TestNG.java:1169)
	at org.testng.TestNG.runSuites(TestNG.java:1092)
	at org.testng.TestNG.run(TestNG.java:1060)
	at org.apache.maven.surefire.testng.TestNGExecutor.run(TestNGExecutor.java:135)
	at org.apache.maven.surefire.testng.TestNGDirectoryTestSuite.executeMulti(TestNGDirectoryTestSuite.java:193)
	at org.apache.maven.surefire.testng.TestNGDirectoryTestSuite.execute(TestNGDirectoryTestSuite.java:94)
	at org.apache.maven.surefire.testng.TestNGProvider.invoke(TestNGProvider.java:146)
	at org.apache.maven.surefire.booter.ForkedBooter.invokeProviderInSameClassLoader(ForkedBooter.java:384)
	at org.apache.maven.surefire.booter.ForkedBooter.runSuitesInProcess(ForkedBooter.java:345)
	at org.apache.maven.surefire.booter.ForkedBooter.execute(ForkedBooter.java:126)
	at org.apache.maven.surefire.booter.ForkedBooter.main(ForkedBooter.java:418)
Caused by: org.openqa.selenium.NoSuchElementException: no such element: Unable to locate element: {&quot;method&quot;:&quot;xpath&quot;,&quot;selector&quot;:&quot;//*[@class=&quot;MuiPaper-root MuiPaper-elevation MuiPaper-rounded MuiPaper-elevation1 MuiCard-root css-y6yw79-MuiPaper-root-MuiCard-root&quot;]&quot;}
  (Session info: chrome=99.0.4844.74)
For documentation on this error, please visit: https://selenium.dev/exceptions/#no_such_element
Build info: version: &apos;4.1.3&apos;, revision: &apos;7b1ebf28ef&apos;
System info: host: &apos;ASUSLaptopTP470EA&apos;, ip: &apos;127.0.1.1&apos;, os.name: &apos;Linux&apos;, os.arch: &apos;amd64&apos;, os.version: &apos;5.13.0-27-generic&apos;, java.version: &apos;11.0.14.1&apos;
Driver info: org.openqa.selenium.chrome.ChromeDriver
Command: [a048fa2c69c3eaa10ef36124edab3a94, findElement {using=xpath, value=//*[@class=&quot;MuiPaper-root MuiPaper-elevation MuiPaper-rounded MuiPaper-elevation1 MuiCard-root css-y6yw79-MuiPaper-root-MuiCard-root&quot;]}]
Capabilities {acceptInsecureCerts: true, browserName: chrome, browserVersion: 99.0.4844.74, chrome: {chromedriverVersion: 99.0.4844.51 (d537ec02474b5..., userDataDir: /tmp/.com.google.Chrome.XG5hCu}, goog:chromeOptions: {debuggerAddress: localhost:44621}, javascriptEnabled: true, networkConnectionEnabled: false, pageLoadStrategy: eager, platform: LINUX, platformName: LINUX, proxy: Proxy(), se:cdp: ws://localhost:44621/devtoo..., se:cdpVersion: 99.0.4844.74, setWindowRect: true, strictFileInteractability: false, timeouts: {implicit: 0, pageLoad: 300000, script: 30000}, unhandledPromptBehavior: dismiss and notify, webauthn:extension:credBlob: true, webauthn:extension:largeBlob: true, webauthn:virtualAuthenticators: true}
Session ID: a048fa2c69c3eaa10ef36124edab3a94
	at java.base/jdk.internal.reflect.NativeConstructorAccessorImpl.newInstance0(Native Method)
	at java.base/jdk.internal.reflect.NativeConstructorAccessorImpl.newInstance(NativeConstructorAccessorImpl.java:62)
	at java.base/jdk.internal.reflect.DelegatingConstructorAccessorImpl.newInstance(DelegatingConstructorAccessorImpl.java:45)
	at java.base/java.lang.reflect.Constructor.newInstance(Constructor.java:490)
	at org.openqa.selenium.remote.codec.w3c.W3CHttpResponseCodec.createException(W3CHttpResponseCodec.java:200)
	at org.openqa.selenium.remote.codec.w3c.W3CHttpResponseCodec.decode(W3CHttpResponseCodec.java:133)
	at org.openqa.selenium.remote.codec.w3c.W3CHttpResponseCodec.decode(W3CHttpResponseCodec.java:53)
	at org.openqa.selenium.remote.HttpCommandExecutor.execute(HttpCommandExecutor.java:184)
	at org.openqa.selenium.remote.service.DriverCommandExecutor.invokeExecute(DriverCommandExecutor.java:167)
	at org.openqa.selenium.remote.service.DriverCommandExecutor.execute(DriverCommandExecutor.java:142)
	at org.openqa.selenium.remote.RemoteWebDriver.execute(RemoteWebDriver.java:567)
	at org.openqa.selenium.remote.ElementLocation$ElementFinder$2.findElement(ElementLocation.java:162)
	at org.openqa.selenium.remote.ElementLocation.findElement(ElementLocation.java:60)
	at org.openqa.selenium.remote.RemoteWebDriver.findElement(RemoteWebDriver.java:385)
	at org.openqa.selenium.remote.RemoteWebDriver.findElement(RemoteWebDriver.java:377)
	at com.codeborne.selenide.impl.WebElementSelector.findElement(WebElementSelector.java:70)
	at com.codeborne.selenide.impl.WebElementSelector.findElement(WebElementSelector.java:44)
	at com.codeborne.selenide.impl.WebElementSelector.findElement(WebElementSelector.java:33)
	at com.codeborne.selenide.impl.BySelectorCollection.getElement(BySelectorCollection.java:47)
	at com.codeborne.selenide.impl.CollectionElement.getWebElement(CollectionElement.java:46)
	at com.codeborne.selenide.impl.WebElementSource.checkCondition(WebElementSource.java:106)
	... 41 more
</pre></div></td>
<td>0</td>
<td>Test.CheckMainPageTest@378f002a</td></tr>
</table><p>
<table width='100%' border='1' class='invocation-passed'>
<tr><td colspan='4' align='center'><b>PASSED TESTS</b></td></tr>
<tr><td><b>Test method</b></td>
<td width="30%"><b>Exception</b></td>
<td width="10%"><b>Time (seconds)</b></td>
<td><b>Instance</b></td>
</tr>
<tr>
<td title='Test.CheckUserPageTest.checkThatUserSchoolNameTest()'><b>checkThatUserSchoolNameTest</b><br>Test class: Test.CheckUserPageTest<br>Test method: проверка отображения поля School Name</td>
<td></td>
<td>0</td>
<td>Test.CheckUserPageTest@34780cd9</td></tr>
<tr>
<td title='Test.CheckMainPageTest.checkUserDateTest()'><b>checkUserDateTest</b><br>Test class: Test.CheckMainPageTest<br>Test method: проверка отображения данных пользователя</td>
<td></td>
<td>0</td>
<td>Test.CheckMainPageTest@378f002a</td></tr>
<tr>
<td title='Test.CheckMainPageTest.checkThatNameIsVisibleTest()'><b>checkThatNameIsVisibleTest</b><br>Test class: Test.CheckMainPageTest<br>Test method: проверка отображения поля name</td>
<td></td>
<td>0</td>
<td>Test.CheckMainPageTest@378f002a</td></tr>
<tr>
<td title='Test.CheckUserPageTest.checkUserDateTest()'><b>checkUserDateTest</b><br>Test class: Test.CheckUserPageTest<br>Test method: проверка отображения данных на странице пользователя</td>
<td></td>
<td>0</td>
<td>Test.CheckUserPageTest@34780cd9</td></tr>
<tr>
<td title='Test.CheckUserPageTest.checkThatUserNameTest()'><b>checkThatUserNameTest</b><br>Test class: Test.CheckUserPageTest<br>Test method: проверка отображения поля name</td>
<td></td>
<td>0</td>
<td>Test.CheckUserPageTest@34780cd9</td></tr>
<tr>
<td title='Test.CheckUserPageTest.checkThatUserCityTest()'><b>checkThatUserCityTest</b><br>Test class: Test.CheckUserPageTest<br>Test method: проверка отображения поля City</td>
<td></td>
<td>0</td>
<td>Test.CheckUserPageTest@34780cd9</td></tr>
<tr>
<td title='Test.CheckMainPageTest.checkGradeIsVisibleTest()'><b>checkGradeIsVisibleTest</b><br>Test class: Test.CheckMainPageTest<br>Test method: проверка отображения грейда пользователя</td>
<td></td>
<td>0</td>
<td>Test.CheckMainPageTest@378f002a</td></tr>
<tr>
<td title='Test.CheckUserPageTest.checkThatUserGradeTest()'><b>checkThatUserGradeTest</b><br>Test class: Test.CheckUserPageTest<br>Test method: проверка отображения поля Grade</td>
<td></td>
<td>0</td>
<td>Test.CheckUserPageTest@34780cd9</td></tr>
<tr>
<td title='Test.CheckMainPageTest.checkThatIdIsVisibleTest()'><b>checkThatIdIsVisibleTest</b><br>Test class: Test.CheckMainPageTest<br>Test method: проверка отображения поля id</td>
<td></td>
<td>0</td>
<td>Test.CheckMainPageTest@378f002a</td></tr>
</table><p>
</body>
</html>