<?xml version="1.0" encoding="UTF-8"?>
<testng-results ignored="0" total="10" passed="9" failed="1" skipped="0">
  <reporter-output>
  </reporter-output>
  <suite started-at="2022-04-24T20:15:55 MSK" name="Surefire suite" finished-at="2022-04-24T20:16:23 MSK" duration-ms="28017">
    <groups>
    </groups>
    <test started-at="2022-04-24T20:15:55 MSK" name="Surefire test" finished-at="2022-04-24T20:16:23 MSK" duration-ms="28017">
      <class name="Test.CheckUserPageTest">
        <test-method is-config="true" signature="openBrowserChrome()[pri:0, instance:Test.CheckUserPageTest@34780cd9]" started-at="2022-04-24T20:15:55 MSK" name="openBrowserChrome" finished-at="2022-04-24T20:16:00 MSK" duration-ms="5381" status="PASS">
          <reporter-output>
          </reporter-output>
        </test-method> <!-- openBrowserChrome -->
        <test-method signature="checkThatUserCityTest()[pri:0, instance:Test.CheckUserPageTest@34780cd9]" started-at="2022-04-24T20:16:00 MSK" name="checkThatUserCityTest" description="проверка отображения поля City" finished-at="2022-04-24T20:16:01 MSK" duration-ms="475" status="PASS">
          <reporter-output>
          </reporter-output>
        </test-method> <!-- checkThatUserCityTest -->
        <test-method is-config="true" signature="closeBrowserChrome()[pri:0, instance:Test.CheckUserPageTest@34780cd9]" started-at="2022-04-24T20:16:01 MSK" name="closeBrowserChrome" finished-at="2022-04-24T20:16:01 MSK" duration-ms="169" status="PASS">
          <reporter-output>
          </reporter-output>
        </test-method> <!-- closeBrowserChrome -->
        <test-method is-config="true" signature="openBrowserChrome()[pri:0, instance:Test.CheckUserPageTest@34780cd9]" started-at="2022-04-24T20:16:01 MSK" name="openBrowserChrome" finished-at="2022-04-24T20:16:03 MSK" duration-ms="2035" status="PASS">
          <reporter-output>
          </reporter-output>
        </test-method> <!-- openBrowserChrome -->
        <test-method signature="checkThatUserGradeTest()[pri:0, instance:Test.CheckUserPageTest@34780cd9]" started-at="2022-04-24T20:16:03 MSK" name="checkThatUserGradeTest" description="проверка отображения поля Grade" finished-at="2022-04-24T20:16:04 MSK" duration-ms="726" status="PASS">
          <reporter-output>
          </reporter-output>
        </test-method> <!-- checkThatUserGradeTest -->
        <test-method is-config="true" signature="closeBrowserChrome()[pri:0, instance:Test.CheckUserPageTest@34780cd9]" started-at="2022-04-24T20:16:04 MSK" name="closeBrowserChrome" finished-at="2022-04-24T20:16:04 MSK" duration-ms="234" status="PASS">
          <reporter-output>
          </reporter-output>
        </test-method> <!-- closeBrowserChrome -->
        <test-method is-config="true" signature="openBrowserChrome()[pri:0, instance:Test.CheckUserPageTest@34780cd9]" started-at="2022-04-24T20:16:04 MSK" name="openBrowserChrome" finished-at="2022-04-24T20:16:06 MSK" duration-ms="1888" status="PASS">
          <reporter-output>
          </reporter-output>
        </test-method> <!-- openBrowserChrome -->
        <test-method signature="checkThatUserNameTest()[pri:0, instance:Test.CheckUserPageTest@34780cd9]" started-at="2022-04-24T20:16:06 MSK" name="checkThatUserNameTest" description="проверка отображения поля name" finished-at="2022-04-24T20:16:06 MSK" duration-ms="306" status="PASS">
          <reporter-output>
          </reporter-output>
        </test-method> <!-- checkThatUserNameTest -->
        <test-method is-config="true" signature="closeBrowserChrome()[pri:0, instance:Test.CheckUserPageTest@34780cd9]" started-at="2022-04-24T20:16:06 MSK" name="closeBrowserChrome" finished-at="2022-04-24T20:16:06 MSK" duration-ms="176" status="PASS">
          <reporter-output>
          </reporter-output>
        </test-method> <!-- closeBrowserChrome -->
        <test-method is-config="true" signature="openBrowserChrome()[pri:0, instance:Test.CheckUserPageTest@34780cd9]" started-at="2022-04-24T20:16:06 MSK" name="openBrowserChrome" finished-at="2022-04-24T20:16:08 MSK" duration-ms="1582" status="PASS">
          <reporter-output>
          </reporter-output>
        </test-method> <!-- openBrowserChrome -->
        <test-method signature="checkThatUserSchoolNameTest()[pri:0, instance:Test.CheckUserPageTest@34780cd9]" started-at="2022-04-24T20:16:08 MSK" name="checkThatUserSchoolNameTest" description="проверка отображения поля School Name" finished-at="2022-04-24T20:16:08 MSK" duration-ms="298" status="PASS">
          <reporter-output>
          </reporter-output>
        </test-method> <!-- checkThatUserSchoolNameTest -->
        <test-method is-config="true" signature="closeBrowserChrome()[pri:0, instance:Test.CheckUserPageTest@34780cd9]" started-at="2022-04-24T20:16:08 MSK" name="closeBrowserChrome" finished-at="2022-04-24T20:16:08 MSK" duration-ms="168" status="PASS">
          <reporter-output>
          </reporter-output>
        </test-method> <!-- closeBrowserChrome -->
        <test-method is-config="true" signature="openBrowserChrome()[pri:0, instance:Test.CheckUserPageTest@34780cd9]" started-at="2022-04-24T20:16:08 MSK" name="openBrowserChrome" finished-at="2022-04-24T20:16:10 MSK" duration-ms="1410" status="PASS">
          <reporter-output>
          </reporter-output>
        </test-method> <!-- openBrowserChrome -->
        <test-method signature="checkUserDateTest()[pri:0, instance:Test.CheckUserPageTest@34780cd9]" started-at="2022-04-24T20:16:10 MSK" name="checkUserDateTest" description="проверка отображения данных на странице пользователя" finished-at="2022-04-24T20:16:10 MSK" duration-ms="700" status="PASS">
          <reporter-output>
          </reporter-output>
        </test-method> <!-- checkUserDateTest -->
        <test-method is-config="true" signature="closeBrowserChrome()[pri:0, instance:Test.CheckUserPageTest@34780cd9]" started-at="2022-04-24T20:16:10 MSK" name="closeBrowserChrome" finished-at="2022-04-24T20:16:11 MSK" duration-ms="170" status="PASS">
          <reporter-output>
          </reporter-output>
        </test-method> <!-- closeBrowserChrome -->
      </class> <!-- Test.CheckUserPageTest -->
      <class name="Test.CheckMainPageTest">
        <test-method is-config="true" signature="openBrowserChrome()[pri:0, instance:Test.CheckMainPageTest@378f002a]" started-at="2022-04-24T20:16:11 MSK" name="openBrowserChrome" finished-at="2022-04-24T20:16:12 MSK" duration-ms="1495" status="PASS">
          <reporter-output>
          </reporter-output>
        </test-method> <!-- openBrowserChrome -->
        <test-method signature="checkGradeIsVisibleTest()[pri:0, instance:Test.CheckMainPageTest@378f002a]" started-at="2022-04-24T20:16:12 MSK" name="checkGradeIsVisibleTest" description="проверка отображения грейда пользователя" finished-at="2022-04-24T20:16:12 MSK" duration-ms="458" status="PASS">
          <reporter-output>
          </reporter-output>
        </test-method> <!-- checkGradeIsVisibleTest -->
        <test-method is-config="true" signature="closeBrowserChrome()[pri:0, instance:Test.CheckMainPageTest@378f002a]" started-at="2022-04-24T20:16:12 MSK" name="closeBrowserChrome" finished-at="2022-04-24T20:16:13 MSK" duration-ms="128" status="PASS">
          <reporter-output>
          </reporter-output>
        </test-method> <!-- closeBrowserChrome -->
        <test-method is-config="true" signature="openBrowserChrome()[pri:0, instance:Test.CheckMainPageTest@378f002a]" started-at="2022-04-24T20:16:13 MSK" name="openBrowserChrome" finished-at="2022-04-24T20:16:14 MSK" duration-ms="1469" status="PASS">
          <reporter-output>
          </reporter-output>
        </test-method> <!-- openBrowserChrome -->
        <test-method signature="checkThatIdIsVisibleTest()[pri:0, instance:Test.CheckMainPageTest@378f002a]" started-at="2022-04-24T20:16:14 MSK" name="checkThatIdIsVisibleTest" description="проверка отображения поля id" finished-at="2022-04-24T20:16:15 MSK" duration-ms="454" status="PASS">
          <reporter-output>
          </reporter-output>
        </test-method> <!-- checkThatIdIsVisibleTest -->
        <test-method is-config="true" signature="closeBrowserChrome()[pri:0, instance:Test.CheckMainPageTest@378f002a]" started-at="2022-04-24T20:16:15 MSK" name="closeBrowserChrome" finished-at="2022-04-24T20:16:15 MSK" duration-ms="157" status="PASS">
          <reporter-output>
          </reporter-output>
        </test-method> <!-- closeBrowserChrome -->
        <test-method is-config="true" signature="openBrowserChrome()[pri:0, instance:Test.CheckMainPageTest@378f002a]" started-at="2022-04-24T20:16:15 MSK" name="openBrowserChrome" finished-at="2022-04-24T20:16:17 MSK" duration-ms="2036" status="PASS">
          <reporter-output>
          </reporter-output>
        </test-method> <!-- openBrowserChrome -->
        <test-method signature="checkThatNameIsVisibleTest()[pri:0, instance:Test.CheckMainPageTest@378f002a]" started-at="2022-04-24T20:16:17 MSK" name="checkThatNameIsVisibleTest" description="проверка отображения поля name" finished-at="2022-04-24T20:16:17 MSK" duration-ms="222" status="PASS">
          <reporter-output>
          </reporter-output>
        </test-method> <!-- checkThatNameIsVisibleTest -->
        <test-method is-config="true" signature="closeBrowserChrome()[pri:0, instance:Test.CheckMainPageTest@378f002a]" started-at="2022-04-24T20:16:17 MSK" name="closeBrowserChrome" finished-at="2022-04-24T20:16:17 MSK" duration-ms="183" status="PASS">
          <reporter-output>
          </reporter-output>
        </test-method> <!-- closeBrowserChrome -->
        <test-method is-config="true" signature="openBrowserChrome()[pri:0, instance:Test.CheckMainPageTest@378f002a]" started-at="2022-04-24T20:16:17 MSK" name="openBrowserChrome" finished-at="2022-04-24T20:16:19 MSK" duration-ms="1514" status="PASS">
          <reporter-output>
          </reporter-output>
        </test-method> <!-- openBrowserChrome -->
        <test-method signature="checkThatThatUsersMoreThenTest()[pri:0, instance:Test.CheckMainPageTest@378f002a]" started-at="2022-04-24T20:16:19 MSK" name="checkThatThatUsersMoreThenTest" description="проверка отображения 20 пользователей" finished-at="2022-04-24T20:16:19 MSK" duration-ms="555" status="FAIL">
          <exception class="com.codeborne.selenide.ex.ElementNotFound">
            <message>
              <![CDATA[Element not found {By.xpath: //*[@class="MuiPaper-root MuiPaper-elevation MuiPaper-rounded MuiPaper-elevation1 MuiCard-root css-y6yw79-MuiPaper-root-MuiCard-root"][0]}
Expected: visible
Screenshot: file:/home/andrey/java/otus/КУРСОВАЯ/WebTest/build/reports/tests/1650820579293.0.png
Page source: file:/home/andrey/java/otus/КУРСОВАЯ/WebTest/build/reports/tests/1650820579293.0.html
Timeout: 50 ms.
Caused by: NoSuchElementException: no such element: Unable to locate element: {"method":"xpath","selector":"//*[@class="MuiPaper-root MuiPaper-elevation MuiPaper-rounded MuiPaper-elevation1 MuiCard-root css-y6yw79-MuiPaper-root-MuiCard-root"]"}]]>
            </message>
            <full-stacktrace>
              <![CDATA[Element not found {By.xpath: //*[@class="MuiPaper-root MuiPaper-elevation MuiPaper-rounded MuiPaper-elevation1 MuiCard-root css-y6yw79-MuiPaper-root-MuiCard-root"][0]}
Expected: visible
Screenshot: file:/home/andrey/java/otus/КУРСОВАЯ/WebTest/build/reports/tests/1650820579293.0.png
Page source: file:/home/andrey/java/otus/КУРСОВАЯ/WebTest/build/reports/tests/1650820579293.0.html
Timeout: 50 ms.
Caused by: NoSuchElementException: no such element: Unable to locate element: {"method":"xpath","selector":"//*[@class="MuiPaper-root MuiPaper-elevation MuiPaper-rounded MuiPaper-elevation1 MuiCard-root css-y6yw79-MuiPaper-root-MuiCard-root"]"}
at com.codeborne.selenide.impl.WebElementSource.createElementNotFoundError(WebElementSource.java:89)
at com.codeborne.selenide.impl.CollectionElement.createElementNotFoundError(CollectionElement.java:63)
at com.codeborne.selenide.impl.WebElementSource.checkCondition(WebElementSource.java:125)
at com.codeborne.selenide.commands.Should.execute(Should.java:30)
at com.codeborne.selenide.commands.Should.execute(Should.java:14)
at com.codeborne.selenide.commands.Commands.execute(Commands.java:154)
at com.codeborne.selenide.impl.SelenideElementProxy.dispatchAndRetry(SelenideElementProxy.java:131)
at com.codeborne.selenide.impl.SelenideElementProxy.invoke(SelenideElementProxy.java:83)
at com.sun.proxy.$Proxy7.shouldBe(Unknown Source)
at pages.MainPageSteps.checkThatThatUsersMoreThen(MainPageSteps.java:98)
at Test.CheckMainPageTest.checkThatThatUsersMoreThenTest(CheckMainPageTest.java:25)
at java.base/jdk.internal.reflect.NativeMethodAccessorImpl.invoke0(Native Method)
at java.base/jdk.internal.reflect.NativeMethodAccessorImpl.invoke(NativeMethodAccessorImpl.java:62)
at java.base/jdk.internal.reflect.DelegatingMethodAccessorImpl.invoke(DelegatingMethodAccessorImpl.java:43)
at java.base/java.lang.reflect.Method.invoke(Method.java:566)
at org.testng.internal.invokers.MethodInvocationHelper.invokeMethod(MethodInvocationHelper.java:135)
at org.testng.internal.invokers.TestInvoker.invokeMethod(TestInvoker.java:673)
at org.testng.internal.invokers.TestInvoker.invokeTestMethod(TestInvoker.java:220)
at org.testng.internal.invokers.MethodRunner.runInSequence(MethodRunner.java:50)
at org.testng.internal.invokers.TestInvoker$MethodInvocationAgent.invoke(TestInvoker.java:945)
at org.testng.internal.invokers.TestInvoker.invokeTestMethods(TestInvoker.java:193)
at org.testng.internal.invokers.TestMethodWorker.invokeTestMethods(TestMethodWorker.java:146)
at org.testng.internal.invokers.TestMethodWorker.run(TestMethodWorker.java:128)
at java.base/java.util.ArrayList.forEach(ArrayList.java:1541)
at org.testng.TestRunner.privateRun(TestRunner.java:808)
at org.testng.TestRunner.run(TestRunner.java:603)
at org.testng.SuiteRunner.runTest(SuiteRunner.java:429)
at org.testng.SuiteRunner.runSequentially(SuiteRunner.java:423)
at org.testng.SuiteRunner.privateRun(SuiteRunner.java:383)
at org.testng.SuiteRunner.run(SuiteRunner.java:326)
at org.testng.SuiteRunnerWorker.runSuite(SuiteRunnerWorker.java:52)
at org.testng.SuiteRunnerWorker.run(SuiteRunnerWorker.java:95)
at org.testng.TestNG.runSuitesSequentially(TestNG.java:1249)
at org.testng.TestNG.runSuitesLocally(TestNG.java:1169)
at org.testng.TestNG.runSuites(TestNG.java:1092)
at org.testng.TestNG.run(TestNG.java:1060)
at org.apache.maven.surefire.testng.TestNGExecutor.run(TestNGExecutor.java:135)
at org.apache.maven.surefire.testng.TestNGDirectoryTestSuite.executeMulti(TestNGDirectoryTestSuite.java:193)
at org.apache.maven.surefire.testng.TestNGDirectoryTestSuite.execute(TestNGDirectoryTestSuite.java:94)
at org.apache.maven.surefire.testng.TestNGProvider.invoke(TestNGProvider.java:146)
at org.apache.maven.surefire.booter.ForkedBooter.invokeProviderInSameClassLoader(ForkedBooter.java:384)
at org.apache.maven.surefire.booter.ForkedBooter.runSuitesInProcess(ForkedBooter.java:345)
at org.apache.maven.surefire.booter.ForkedBooter.execute(ForkedBooter.java:126)
at org.apache.maven.surefire.booter.ForkedBooter.main(ForkedBooter.java:418)
Caused by: org.openqa.selenium.NoSuchElementException: no such element: Unable to locate element: {"method":"xpath","selector":"//*[@class="MuiPaper-root MuiPaper-elevation MuiPaper-rounded MuiPaper-elevation1 MuiCard-root css-y6yw79-MuiPaper-root-MuiCard-root"]"}
  (Session info: chrome=99.0.4844.74)
For documentation on this error, please visit: https://selenium.dev/exceptions/#no_such_element
Build info: version: '4.1.3', revision: '7b1ebf28ef'
System info: host: 'ASUSLaptopTP470EA', ip: '127.0.1.1', os.name: 'Linux', os.arch: 'amd64', os.version: '5.13.0-27-generic', java.version: '11.0.14.1'
Driver info: org.openqa.selenium.chrome.ChromeDriver
Command: [a048fa2c69c3eaa10ef36124edab3a94, findElement {using=xpath, value=//*[@class="MuiPaper-root MuiPaper-elevation MuiPaper-rounded MuiPaper-elevation1 MuiCard-root css-y6yw79-MuiPaper-root-MuiCard-root"]}]
Capabilities {acceptInsecureCerts: true, browserName: chrome, browserVersion: 99.0.4844.74, chrome: {chromedriverVersion: 99.0.4844.51 (d537ec02474b5..., userDataDir: /tmp/.com.google.Chrome.XG5hCu}, goog:chromeOptions: {debuggerAddress: localhost:44621}, javascriptEnabled: true, networkConnectionEnabled: false, pageLoadStrategy: eager, platform: LINUX, platformName: LINUX, proxy: Proxy(), se:cdp: ws://localhost:44621/devtoo..., se:cdpVersion: 99.0.4844.74, setWindowRect: true, strictFileInteractability: false, timeouts: {implicit: 0, pageLoad: 300000, script: 30000}, unhandledPromptBehavior: dismiss and notify, webauthn:extension:credBlob: true, webauthn:extension:largeBlob: true, webauthn:virtualAuthenticators: true}
Session ID: a048fa2c69c3eaa10ef36124edab3a94
at java.base/jdk.internal.reflect.NativeConstructorAccessorImpl.newInstance0(Native Method)
at java.base/jdk.internal.reflect.NativeConstructorAccessorImpl.newInstance(NativeConstructorAccessorImpl.java:62)
at java.base/jdk.internal.reflect.DelegatingConstructorAccessorImpl.newInstance(DelegatingConstructorAccessorImpl.java:45)
at java.base/java.lang.reflect.Constructor.newInstance(Constructor.java:490)
at org.openqa.selenium.remote.codec.w3c.W3CHttpResponseCodec.createException(W3CHttpResponseCodec.java:200)
at org.openqa.selenium.remote.codec.w3c.W3CHttpResponseCodec.decode(W3CHttpResponseCodec.java:133)
at org.openqa.selenium.remote.codec.w3c.W3CHttpResponseCodec.decode(W3CHttpResponseCodec.java:53)
at org.openqa.selenium.remote.HttpCommandExecutor.execute(HttpCommandExecutor.java:184)
at org.openqa.selenium.remote.service.DriverCommandExecutor.invokeExecute(DriverCommandExecutor.java:167)
at org.openqa.selenium.remote.service.DriverCommandExecutor.execute(DriverCommandExecutor.java:142)
at org.openqa.selenium.remote.RemoteWebDriver.execute(RemoteWebDriver.java:567)
at org.openqa.selenium.remote.ElementLocation$ElementFinder$2.findElement(ElementLocation.java:162)
at org.openqa.selenium.remote.ElementLocation.findElement(ElementLocation.java:60)
at org.openqa.selenium.remote.RemoteWebDriver.findElement(RemoteWebDriver.java:385)
at org.openqa.selenium.remote.RemoteWebDriver.findElement(RemoteWebDriver.java:377)
at com.codeborne.selenide.impl.WebElementSelector.findElement(WebElementSelector.java:70)
at com.codeborne.selenide.impl.WebElementSelector.findElement(WebElementSelector.java:44)
at com.codeborne.selenide.impl.WebElementSelector.findElement(WebElementSelector.java:33)
at com.codeborne.selenide.impl.BySelectorCollection.getElement(BySelectorCollection.java:47)
at com.codeborne.selenide.impl.CollectionElement.getWebElement(CollectionElement.java:46)
at com.codeborne.selenide.impl.WebElementSource.checkCondition(WebElementSource.java:106)
... 41 more
]]>
            </full-stacktrace>
          </exception> <!-- com.codeborne.selenide.ex.ElementNotFound -->
          <reporter-output>
          </reporter-output>
        </test-method> <!-- checkThatThatUsersMoreThenTest -->
        <test-method is-config="true" signature="closeBrowserChrome()[pri:0, instance:Test.CheckMainPageTest@378f002a]" started-at="2022-04-24T20:16:19 MSK" name="closeBrowserChrome" finished-at="2022-04-24T20:16:19 MSK" duration-ms="173" status="PASS">
          <reporter-output>
          </reporter-output>
        </test-method> <!-- closeBrowserChrome -->
        <test-method is-config="true" signature="openBrowserChrome()[pri:0, instance:Test.CheckMainPageTest@378f002a]" started-at="2022-04-24T20:16:19 MSK" name="openBrowserChrome" finished-at="2022-04-24T20:16:22 MSK" duration-ms="2231" status="PASS">
          <reporter-output>
          </reporter-output>
        </test-method> <!-- openBrowserChrome -->
        <test-method signature="checkUserDateTest()[pri:0, instance:Test.CheckMainPageTest@378f002a]" started-at="2022-04-24T20:16:22 MSK" name="checkUserDateTest" description="проверка отображения данных пользователя" finished-at="2022-04-24T20:16:22 MSK" duration-ms="695" status="PASS">
          <reporter-output>
          </reporter-output>
        </test-method> <!-- checkUserDateTest -->
        <test-method is-config="true" signature="closeBrowserChrome()[pri:0, instance:Test.CheckMainPageTest@378f002a]" started-at="2022-04-24T20:16:22 MSK" name="closeBrowserChrome" finished-at="2022-04-24T20:16:23 MSK" duration-ms="173" status="PASS">
          <reporter-output>
          </reporter-output>
        </test-method> <!-- closeBrowserChrome -->
      </class> <!-- Test.CheckMainPageTest -->
    </test> <!-- Surefire test -->
  </suite> <!-- Surefire suite -->
</testng-results>
